{"level":"INFO","timestamp":"2018-07-19 20:11:32.874","file":"service/db.go:37","msg":"Database connection succeed."}
{"level":"INFO","timestamp":"2018-07-19 20:15:45.906","file":"service/db.go:37","msg":"Database connection succeed."}
{"level":"INFO","timestamp":"2018-07-19 20:17:11.401","file":"service/db.go:37","msg":"Database connection succeed."}
{"level":"INFO","timestamp":"2018-07-19 20:18:55.929","file":"service/db.go:37","msg":"Database connection succeed."}
{"level":"INFO","timestamp":"2018-07-19 20:21:59.086","file":"service/db.go:37","msg":"Database connection succeed."}
{"level":"INFO","timestamp":"2018-07-19 20:23:16.465","file":"service/db.go:37","msg":"Database connection succeed."}
{"level":"INFO","timestamp":"2018-07-19 20:24:06.733","file":"user/user.go:69","msg":"User Create function called.","data":{"X-Request-Id":"d0361db9-f7ce-4d9d-89f7-3dfd878823fc"}}
{"level":"INFO","timestamp":"2018-07-19 20:24:45.323","file":"user/user.go:69","msg":"User Create function called.","data":{"X-Request-Id":"fcbcfc60-752a-4257-be42-6922798da600"}}
{"level":"INFO","timestamp":"2018-07-19 20:25:12.097","file":"user/user.go:69","msg":"User Create function called.","data":{"X-Request-Id":"63eaf067-dd61-4e2a-bfc0-8baa1f53c3be"}}
{"level":"INFO","timestamp":"2018-07-19 20:25:32.417","file":"user/user.go:69","msg":"User Create function called.","data":{"X-Request-Id":"68853dc8-5e60-41bb-8670-6d9f3541af90"}}
{"level":"INFO","timestamp":"2018-07-19 20:26:27.608","file":"user/user.go:69","msg":"User Create function called.","data":{"X-Request-Id":"81017552-04f5-4a75-a33b-1d87356f5e63"}}
{"level":"INFO","timestamp":"2018-07-19 20:26:50.798","file":"user/user.go:69","msg":"User Create function called.","data":{"X-Request-Id":"f17615d2-ac3c-4ec3-9170-22f9056a154a"}}
{"level":"INFO","timestamp":"2018-07-19 20:27:27.095","file":"user/user.go:69","msg":"User Create function called.","data":{"X-Request-Id":"13cac13f-386d-46b8-b0a8-4773ca275165"}}
{"level":"INFO","timestamp":"2018-07-19 20:38:40.351","file":"user/user.go:69","msg":"User Create function called.","data":{"X-Request-Id":"de98ef3e-2036-4447-becf-e8a82d959622"}}
{"level":"INFO","timestamp":"2018-07-19 20:38:53.357","file":"user/user.go:69","msg":"User Create function called.","data":{"X-Request-Id":"933dfa45-eb5b-4a28-97aa-628befdcc588"}}
{"level":"INFO","timestamp":"2018-07-19 21:04:25.669","file":"service/db.go:37","msg":"Database connection succeed."}
{"level":"INFO","timestamp":"2018-07-19 21:04:38.489","file":"user/user.go:69","msg":"User Create function called.","data":{"X-Request-Id":"2feba7a8-9898-4431-a868-4536570f9f91"}}
{"level":"INFO","timestamp":"2018-07-19 21:05:41.075","file":"user/user.go:69","msg":"User Create function called.","data":{"X-Request-Id":"ecc4dbf2-a1cf-40d9-ab2b-bdde81f49c2c"}}
{"level":"INFO","timestamp":"2018-07-19 21:06:45.629","file":"service/db.go:37","msg":"Database connection succeed."}
{"level":"INFO","timestamp":"2018-07-19 22:09:16.869","file":"service/db.go:37","msg":"Database connection succeed."}
{"level":"INFO","timestamp":"2018-07-19 22:09:35.416","file":"user/user.go:69","msg":"User Create function called.","data":{"X-Request-Id":"ea6d8234-c0a6-4db5-bc57-358ad1e209cb"}}
{"level":"INFO","timestamp":"2018-07-19 22:09:35.416","file":"user/user.go:77","msg":"URL username："}
{"level":"INFO","timestamp":"2018-07-19 22:09:35.416","file":"user/user.go:80","msg":"URL key param desc: \"dfdfds\""}
{"level":"INFO","timestamp":"2018-07-19 22:09:35.416","file":"user/user.go:83","msg":"Header Content-Type: application/x-www-form-urlencoded"}
{"level":"DEBUG","timestamp":"2018-07-19 22:09:35.417","file":"user/user.go:84","msg":"username is [], password is []"}
{"level":"INFO","timestamp":"2018-07-19 22:13:08.695","file":"service/db.go:37","msg":"Database connection succeed."}
{"level":"INFO","timestamp":"2018-07-19 22:13:40.184","file":"service/db.go:37","msg":"Database connection succeed."}
{"level":"INFO","timestamp":"2018-07-19 22:14:34.393","file":"user/user.go:69","msg":"User Create function called.","data":{"X-Request-Id":"131c5099-62ef-4f37-9c28-193f61599059"}}
{"level":"INFO","timestamp":"2018-07-19 22:14:34.393","file":"user/user.go:77","msg":"URL username：fuxin"}
{"level":"INFO","timestamp":"2018-07-19 22:14:34.393","file":"user/user.go:80","msg":"URL key param desc: \"dfdfds\""}
{"level":"INFO","timestamp":"2018-07-19 22:14:34.393","file":"user/user.go:83","msg":"Header Content-Type: application/x-www-form-urlencoded"}
{"level":"DEBUG","timestamp":"2018-07-19 22:14:34.393","file":"user/user.go:84","msg":"username is [], password is []"}
{"level":"INFO","timestamp":"2018-07-19 22:16:14.743","file":"user/user.go:69","msg":"User Create function called.","data":{"X-Request-Id":"64678d68-e634-4107-be79-1ea86df24292"}}
{"level":"INFO","timestamp":"2018-07-19 22:16:14.744","file":"user/user.go:77","msg":"URL username：fuxin"}
{"level":"INFO","timestamp":"2018-07-19 22:16:14.744","file":"user/user.go:80","msg":"URL key param desc: \"dfdfds\""}
{"level":"INFO","timestamp":"2018-07-19 22:16:14.744","file":"user/user.go:83","msg":"Header Content-Type: text/plain"}
{"level":"DEBUG","timestamp":"2018-07-19 22:16:14.744","file":"user/user.go:84","msg":"username is [], password is []"}
{"level":"INFO","timestamp":"2018-07-19 22:17:00.024","file":"user/user.go:69","msg":"User Create function called.","data":{"X-Request-Id":"600a5f85-3766-4b22-b86d-3031c4f9b8ed"}}
{"level":"INFO","timestamp":"2018-07-19 22:17:00.024","file":"user/user.go:77","msg":"URL username：fuxin"}
{"level":"INFO","timestamp":"2018-07-19 22:17:00.024","file":"user/user.go:80","msg":"URL key param desc: \"dfdfds\""}
{"level":"INFO","timestamp":"2018-07-19 22:17:00.025","file":"user/user.go:83","msg":"Header Content-Type: application/json"}
{"level":"DEBUG","timestamp":"2018-07-19 22:17:00.025","file":"user/user.go:84","msg":"username is [admin], password is [admin]"}
{"level":"INFO","timestamp":"2018-07-19 22:17:46.514","file":"user/user.go:69","msg":"User Create function called.","data":{"X-Request-Id":"67a3b3cb-b901-4894-962a-e66b16f3b82c"}}
{"level":"INFO","timestamp":"2018-07-19 22:17:46.514","file":"user/user.go:77","msg":"URL username：fuxin"}
{"level":"INFO","timestamp":"2018-07-19 22:17:46.514","file":"user/user.go:80","msg":"URL key param desc: \"dfdfds\""}
{"level":"INFO","timestamp":"2018-07-19 22:17:46.514","file":"user/user.go:83","msg":"Header Content-Type: application/json"}
{"level":"DEBUG","timestamp":"2018-07-19 22:17:46.514","file":"user/user.go:84","msg":"username is [admin], password is [admin]"}
{"level":"INFO","timestamp":"2018-07-19 22:19:05.163","file":"service/db.go:37","msg":"Database connection succeed."}
{"level":"INFO","timestamp":"2018-07-19 22:19:37.168","file":"user/user.go:69","msg":"User Create function called.","data":{"X-Request-Id":"b0bc3ff9-e5f4-4eb9-8a4d-a27c17cc39fe"}}
{"level":"INFO","timestamp":"2018-07-19 22:19:37.168","file":"user/user.go:77","msg":"URL username：fuxin"}
{"level":"INFO","timestamp":"2018-07-19 22:19:37.168","file":"user/user.go:80","msg":"URL key param desc: \"dfdfds\""}
{"level":"INFO","timestamp":"2018-07-19 22:19:37.169","file":"user/user.go:83","msg":"Header Content-Type: application/json"}
{"level":"DEBUG","timestamp":"2018-07-19 22:19:37.169","file":"user/user.go:84","msg":"username is [admin], password is [admin]"}
{"level":"INFO","timestamp":"2018-07-19 22:27:36.555","file":"service/db.go:37","msg":"Database connection succeed."}
{"level":"INFO","timestamp":"2018-07-19 22:28:14.019","file":"user/user.go:69","msg":"User Create function called.","data":{"X-Request-Id":"999309fe-7f95-48ac-953b-f4474836c981"}}
{"level":"INFO","timestamp":"2018-07-19 22:30:34.879","file":"service/db.go:37","msg":"Database connection succeed."}
{"level":"INFO","timestamp":"2018-07-19 22:30:42.713","file":"user/user.go:69","msg":"User Create function called.","data":{"X-Request-Id":"736fd023-42a5-466c-adc2-484d98b31ba9"}}
{"level":"INFO","timestamp":"2018-07-19 22:31:04.928","file":"user/user.go:69","msg":"User Create function called.","data":{"X-Request-Id":"8e2f2d99-39ee-44b7-be75-35fc27e359f0"}}
{"level":"INFO","timestamp":"2018-07-19 22:33:23.563","file":"user/user.go:69","msg":"User Create function called.","data":{"X-Request-Id":"f536f839-e98a-4234-981c-52f0ca6a44b0"}}
{"level":"INFO","timestamp":"2018-07-24 20:48:50.976","file":"service/db.go:37","msg":"Database connection succeed."}
{"level":"INFO","timestamp":"2018-07-24 20:50:25.197","file":"user/user.go:69","msg":"User Create function called.","data":{"X-Request-Id":"20e5073a-79b7-4fb1-9f20-481a5e47824b"}}
{"level":"INFO","timestamp":"2018-07-24 20:59:54.628","file":"service/db.go:37","msg":"Database connection succeed."}
{"level":"INFO","timestamp":"2018-07-24 21:00:29.058","file":"user/user.go:69","msg":"User Create function called.","data":{"X-Request-Id":"b2c9381f-bf08-48bc-aa06-c37aa5fbf91f"}}
{"level":"INFO","timestamp":"2018-07-24 21:01:59.011","file":"service/db.go:37","msg":"Database connection succeed."}
{"level":"INFO","timestamp":"2018-07-24 21:02:10.109","file":"user/user.go:69","msg":"User Create function called.","data":{"X-Request-Id":"c211b52a-af06-4819-8c34-7ab53f3b84a0"}}
{"level":"INFO","timestamp":"2018-07-24 21:24:00.320","file":"service/db.go:37","msg":"Database connection succeed."}
{"level":"INFO","timestamp":"2018-07-24 21:24:06.814","file":"user/user.go:69","msg":"User Create function called.","data":{"X-Request-Id":"7cda523b-2199-4c4b-8fe1-48ae9a0f77cf"}}
{"level":"INFO","timestamp":"2018-07-24 21:24:21.048","file":"user/user.go:69","msg":"User Create function called.","data":{"X-Request-Id":"f1952898-ea61-49e9-8570-629d029d3e85"}}
{"level":"INFO","timestamp":"2018-07-24 21:25:10.998","file":"service/db.go:37","msg":"Database connection succeed."}
{"level":"INFO","timestamp":"2018-07-24 21:26:24.036","file":"user/user.go:69","msg":"User Create function called.","data":{"X-Request-Id":"9e966d76-6406-4b38-928f-a5fcb81adcf3"}}
{"level":"INFO","timestamp":"2018-07-24 21:28:52.072","file":"service/db.go:37","msg":"Database connection succeed."}
{"level":"INFO","timestamp":"2018-07-24 21:28:58.701","file":"user/user.go:69","msg":"User Create function called.","data":{"X-Request-Id":"0042cfea-bcd6-4444-b6ac-61205e7c9558"}}
{"level":"INFO","timestamp":"2018-07-24 21:30:57.848","file":"service/db.go:37","msg":"Database connection succeed."}
{"level":"INFO","timestamp":"2018-07-24 21:31:07.914","file":"user/user.go:69","msg":"User Create function called.","data":{"X-Request-Id":"f2f09065-4ac4-4ccd-826c-9c9475d5610c"}}
{"level":"INFO","timestamp":"2018-07-24 21:33:09.934","file":"user/user.go:69","msg":"User Create function called.","data":{"X-Request-Id":"c33057d0-92e6-49df-8eb1-049e239ab43b"}}
{"level":"INFO","timestamp":"2018-07-24 21:33:36.007","file":"user/user.go:69","msg":"User Create function called.","data":{"X-Request-Id":"d63b4340-3f74-4519-b47b-2a570bc45ef7"}}
{"level":"INFO","timestamp":"2018-07-24 21:34:53.112","file":"service/db.go:37","msg":"Database connection succeed."}
{"level":"INFO","timestamp":"2018-07-24 21:35:06.967","file":"user/user.go:69","msg":"User Create function called.","data":{"X-Request-Id":"13f79515-2c50-4485-8e0b-ed76b6901673"}}
{"level":"INFO","timestamp":"2018-07-24 22:56:28.539","file":"service/db.go:35","msg":"Database connection succeed."}
{"level":"INFO","timestamp":"2018-07-24 23:02:05.735","file":"service/db.go:37","msg":"Database connection succeed."}
{"level":"INFO","timestamp":"2018-07-24 23:06:35.739","file":"service/db.go:38","msg":"Database connection succeed."}
{"level":"INFO","timestamp":"2018-07-24 23:06:41.142","file":"user/user.go:69","msg":"User Create function called.","data":{"X-Request-Id":"8bc3ce06-6fa1-48dc-a678-764c026d1c6e"}}
{"level":"INFO","timestamp":"2018-07-24 23:10:08.760","file":"service/db.go:38","msg":"Database connection succeed."}
{"level":"INFO","timestamp":"2018-07-24 23:10:19.401","file":"user/user.go:69","msg":"User Create function called.","data":{"X-Request-Id":"0c096937-4bda-4e12-8a00-55b4ab227942"}}
{"level":"INFO","timestamp":"2018-07-24 23:19:40.162","file":"service/db.go:38","msg":"Database connection succeed."}
{"level":"INFO","timestamp":"2018-07-24 23:19:47.563","file":"user/user.go:69","msg":"User Create function called.","data":{"X-Request-Id":"3f417fde-7b9e-44d2-af00-fb0a0ede1adc"}}
{"level":"INFO","timestamp":"2018-07-24 23:21:37.085","file":"user/user.go:69","msg":"User Create function called.","data":{"X-Request-Id":"34a7000f-e856-41e1-b543-0a32d8c51110"}}
{"level":"INFO","timestamp":"2018-07-24 23:25:46.078","file":"user/user.go:69","msg":"User Create function called.","data":{"X-Request-Id":"42be2def-3917-4f1f-bfc3-9e9b7fe18e94"}}
{"level":"INFO","timestamp":"2018-07-24 23:26:37.474","file":"user/user.go:69","msg":"User Create function called.","data":{"X-Request-Id":"ca64cef9-2dbb-446e-a560-6e3ce8b068e3"}}
{"level":"INFO","timestamp":"2018-07-24 23:30:19.480","file":"service/db.go:38","msg":"Database connection succeed."}
{"level":"INFO","timestamp":"2018-07-24 23:31:29.384","file":"user/user.go:69","msg":"User Create function called.","data":{"X-Request-Id":"c9e7f88c-3a68-4493-bed7-75d6b25c5642"}}
{"level":"INFO","timestamp":"2018-07-24 23:36:17.440","file":"service/db.go:38","msg":"Database connection succeed."}
{"level":"INFO","timestamp":"2018-07-24 23:36:38.070","file":"user/user.go:69","msg":"User Create function called.","data":{"X-Request-Id":"3910f081-fa56-4437-965e-11056169ca06"}}
{"level":"INFO","timestamp":"2018-07-24 23:39:09.890","file":"service/db.go:38","msg":"Database connection succeed."}
{"level":"INFO","timestamp":"2018-07-24 23:39:31.220","file":"user/user.go:69","msg":"User Create function called.","data":{"X-Request-Id":"778e1b9c-85bc-4f1b-9872-842cab8e9b44"}}
{"level":"INFO","timestamp":"2018-07-24 23:40:12.945","file":"service/db.go:38","msg":"Database connection succeed."}
{"level":"INFO","timestamp":"2018-07-24 23:40:19.688","file":"user/user.go:69","msg":"User Create function called.","data":{"X-Request-Id":"a7182131-a573-4b75-adac-7863c68dfb7a"}}
{"level":"INFO","timestamp":"2018-07-25 00:23:33.240","file":"service/db.go:38","msg":"Database connection succeed."}
{"level":"INFO","timestamp":"2018-07-25 00:23:33.243","file":"server.go:77","msg":"Start to listening the incoming requests on http address: 9090"}
{"level":"INFO","timestamp":"2018-07-25 00:26:16.622","file":"service/db.go:38","msg":"Database connection succeed."}
{"level":"INFO","timestamp":"2018-07-25 00:26:16.622","file":"server.go:80","msg":"Start to listening the incoming requests on http address: 9090"}
{"level":"INFO","timestamp":"2018-07-25 00:26:37.791","file":"server.go:94","msg":"got signal [interrupt], exiting pipe now"}
{"level":"INFO","timestamp":"2018-07-25 00:26:37.792","file":"server.go:101","msg":"Pipe exited"}
{"level":"INFO","timestamp":"2018-07-25 00:27:42.985","file":"service/db.go:38","msg":"Database connection succeed."}
{"level":"INFO","timestamp":"2018-07-25 00:27:42.986","file":"server.go:80","msg":"Start to listening the incoming requests on http address: 9090"}
{"level":"INFO","timestamp":"2018-07-25 00:29:52.785","file":"server.go:94","msg":"got signal [interrupt], exiting apiserver now"}
{"level":"INFO","timestamp":"2018-07-25 00:29:52.785","file":"server.go:101","msg":"apiserver exited"}
{"level":"ERROR","timestamp":"2018-07-25 00:29:52.785","file":"apiserver/main.go:98","msg":"接口服务出错了：","data":{"error":"Cannot connect to the router."}}
{"level":"INFO","timestamp":"2018-07-25 00:30:20.488","file":"service/db.go:38","msg":"Database connection succeed."}
{"level":"INFO","timestamp":"2018-07-25 00:33:09.572","file":"service/db.go:38","msg":"Database connection succeed."}
{"level":"INFO","timestamp":"2018-07-25 00:33:09.573","file":"server.go:80","msg":"Start to listening the incoming requests on http address: 9090"}
{"level":"INFO","timestamp":"2018-07-25 00:34:10.101","file":"server.go:94","msg":"got signal [interrupt], exiting apiserver now"}
{"level":"INFO","timestamp":"2018-07-25 00:34:10.102","file":"server.go:101","msg":"apiserver exited"}
{"level":"INFO","timestamp":"2018-07-25 00:34:22.942","file":"service/db.go:38","msg":"Database connection succeed."}
{"level":"INFO","timestamp":"2018-07-25 00:34:22.943","file":"server.go:80","msg":"3. Start to listening the incoming requests on http address: 9090"}
{"level":"INFO","timestamp":"2018-07-25 00:39:28.673","file":"server.go:94","msg":"got signal [interrupt], exiting apiserver now"}
{"level":"INFO","timestamp":"2018-07-25 00:39:28.673","file":"server.go:101","msg":"apiserver exited"}
{"level":"INFO","timestamp":"2018-07-25 00:43:02.626","file":"service/db.go:38","msg":"Database connection succeed."}
{"level":"INFO","timestamp":"2018-07-25 00:43:02.627","file":"server.go:87","msg":"3. Start to listening the incoming requests on http address: 9090"}
{"level":"INFO","timestamp":"2018-07-25 00:43:13.350","file":"user/user.go:69","msg":"User Create function called.","data":{"X-Request-Id":"9a9e8098-20eb-4664-bda9-63d41a9177e6"}}
{"level":"INFO","timestamp":"2018-07-25 00:43:32.089","file":"server.go:101","msg":"got signal [interrupt], exiting apiserver now"}
{"level":"INFO","timestamp":"2018-07-25 00:43:32.089","file":"server.go:108","msg":"apiserver exited"}
